[2026-06-25T17:46:53.115958] === analyze started (quiet=True, resume=False, surfaces=86) ===
[2026-06-25T17:46:53.115958] Analyzing suite:home@light...
[2026-06-25T17:46:55.555183] [OK] suite:home@light
[2026-06-25T17:46:55.555183] Analyzing suite:home-no-score@light...
[2026-06-25T17:46:57.438245] [OK] suite:home-no-score@light
[2026-06-25T17:46:57.438245] Analyzing suite:animo@light...
[2026-06-25T17:46:58.842460] [OK] suite:animo@light
[2026-06-25T17:46:58.842460] Analyzing suite:respiracion@light...
[2026-06-25T17:46:59.606242] [OK] suite:respiracion@light
[2026-06-25T17:46:59.606242] Analyzing suite:respiracion-running@light...
[2026-06-25T17:47:00.366706] [OK] suite:respiracion-running@light
[2026-06-25T17:47:00.366706] Analyzing suite:respiracion-paused@light...
[2026-06-25T17:47:01.142100] [OK] suite:respiracion-paused@light
[2026-06-25T17:47:01.142100] Analyzing suite:timer@light...
[2026-06-25T17:47:01.833972] [OK] suite:timer@light
[2026-06-25T17:47:01.833972] Analyzing suite:timer-running@light...
[2026-06-25T17:47:02.528411] [OK] suite:timer-running@light
[2026-06-25T17:47:02.528411] Analyzing suite:timer-paused@light...
[2026-06-25T17:47:03.253565] [OK] suite:timer-paused@light
[2026-06-25T17:47:03.253565] Analyzing suite:timer-empty@light...
[2026-06-25T17:47:03.947595] [OK] suite:timer-empty@light
[2026-06-25T17:47:03.947595] Analyzing suite:rutina@light...
[2026-06-25T17:47:04.778554] [OK] suite:rutina@light
[2026-06-25T17:47:04.778554] Analyzing suite:rutina-add-task@light...
[2026-06-25T17:47:05.942518] [OK] suite:rutina-add-task@light
[2026-06-25T17:47:05.942518] Analyzing suite:rutina-all-completed@light...
[2026-06-25T17:47:06.621544] [OK] suite:rutina-all-completed@light
[2026-06-25T17:47:06.621544] Analyzing suite:rutina-empty@light...
[2026-06-25T17:47:07.212969] [OK] suite:rutina-empty@light
[2026-06-25T17:47:07.212969] Analyzing suite:actividades@light...
[2026-06-25T17:47:09.950626] [OK] suite:actividades@light
[2026-06-25T17:47:09.950626] Analyzing suite:actividades-filtered@light...
[2026-06-25T17:47:11.003969] [OK] suite:actividades-filtered@light
[2026-06-25T17:47:11.003969] Analyzing suite:actividades-marked-hice@light...
[2026-06-25T17:47:13.750670] [OK] suite:actividades-marked-hice@light
[2026-06-25T17:47:13.750670] Analyzing suite:actividades-empty@light...
[2026-06-25T17:47:14.112277] [OK] suite:actividades-empty@light
[2026-06-25T17:47:14.112277] Analyzing suite:avisos@light...
[2026-06-25T17:47:15.236356] [OK] suite:avisos@light
[2026-06-25T17:47:15.236356] Analyzing suite:avisos-filter-activos@light...
[2026-06-25T17:47:16.220204] [OK] suite:avisos-filter-activos@light
[2026-06-25T17:47:16.220204] Analyzing suite:avisos-today@light...
[2026-06-25T17:47:17.296580] [OK] suite:avisos-today@light
[2026-06-25T17:47:17.296580] Analyzing suite:avisos-search@light...
[2026-06-25T17:47:17.816891] [OK] suite:avisos-search@light
[2026-06-25T17:47:17.816891] Analyzing suite:avisos-empty@light...
[2026-06-25T17:47:18.319779] [OK] suite:avisos-empty@light
[2026-06-25T17:47:18.319779] Analyzing suite:dbt-now@light...
[2026-06-25T17:47:19.323265] [OK] suite:dbt-now@light
[2026-06-25T17:47:19.323265] Analyzing suite:dbt-library@light...
[2026-06-25T17:47:21.117945] [OK] suite:dbt-library@light
[2026-06-25T17:47:21.117945] Analyzing suite:registro@light...
[2026-06-25T17:47:21.818396] [OK] suite:registro@light
[2026-06-25T17:47:21.818396] Analyzing suite:registro-step1-emotion@light...
[2026-06-25T17:47:22.688266] [OK] suite:registro-step1-emotion@light
[2026-06-25T17:47:22.688266] Analyzing suite:registro-step1-emotion-otro@light...
[2026-06-25T17:47:23.660597] [OK] suite:registro-step1-emotion-otro@light
[2026-06-25T17:47:23.660597] Analyzing suite:registro-step2-distortions@light...
[2026-06-25T17:47:25.508327] [OK] suite:registro-step2-distortions@light
[2026-06-25T17:47:25.508327] Analyzing suite:registro-step3-filled@light...
[2026-06-25T17:47:26.351339] [OK] suite:registro-step3-filled@light
[2026-06-25T17:47:26.351339] Analyzing suite:registro-success@light...
[2026-06-25T17:47:26.946163] [OK] suite:registro-success@light
[2026-06-25T17:47:26.946163] Analyzing suite:onboarding@light...
[2026-06-25T17:47:27.728779] [OK] suite:onboarding@light
[2026-06-25T17:47:27.728779] Analyzing suite:onboarding-error@light...
[2026-06-25T17:47:28.850895] [OK] suite:onboarding-error@light
[2026-06-25T17:47:28.850895] Analyzing suite:recuperar-acceso@light...
[2026-06-25T17:47:29.986464] [OK] suite:recuperar-acceso@light
[2026-06-25T17:47:29.986464] Analyzing hub:pacientes@light...
[2026-06-25T17:47:31.828077] [OK] hub:pacientes@light
[2026-06-25T17:47:31.828077] Analyzing hub:pacientes-empty@light...
[2026-06-25T17:47:32.570623] [OK] hub:pacientes-empty@light
[2026-06-25T17:47:32.570623] Analyzing hub:detalle@light...
[2026-06-25T17:47:34.361637] [OK] hub:detalle@light
[2026-06-25T17:47:34.361637] Analyzing hub:textos-globales@light...
[2026-06-25T17:47:36.183833] [OK] hub:textos-globales@light
[2026-06-25T17:47:36.183833] Analyzing suite:home@dark...
[2026-06-25T17:47:38.194439] [OK] suite:home@dark
[2026-06-25T17:47:38.194439] Analyzing suite:home-no-score@dark...
[2026-06-25T17:47:39.642319] [OK] suite:home-no-score@dark
[2026-06-25T17:47:39.642319] Analyzing suite:animo@dark...
[2026-06-25T17:47:40.769244] [OK] suite:animo@dark
[2026-06-25T17:47:40.769244] Analyzing suite:respiracion@dark...
[2026-06-25T17:47:41.611251] [OK] suite:respiracion@dark
[2026-06-25T17:47:41.611251] Analyzing suite:respiracion-running@dark...
[2026-06-25T17:47:42.768795] [OK] suite:respiracion-running@dark
[2026-06-25T17:47:42.768795] Analyzing suite:respiracion-paused@dark...
[2026-06-25T17:47:43.644168] [OK] suite:respiracion-paused@dark
[2026-06-25T17:47:43.644168] Analyzing suite:timer@dark...
[2026-06-25T17:47:44.356763] [OK] suite:timer@dark
[2026-06-25T17:47:44.356763] Analyzing suite:timer-running@dark...
[2026-06-25T17:47:45.066899] [OK] suite:timer-running@dark
[2026-06-25T17:47:45.066899] Analyzing suite:timer-paused@dark...
[2026-06-25T17:47:45.754141] [OK] suite:timer-paused@dark
[2026-06-25T17:47:45.754141] Analyzing suite:timer-empty@dark...
[2026-06-25T17:47:46.091391] [OK] suite:timer-empty@dark
[2026-06-25T17:47:46.091391] Analyzing suite:rutina@dark...
[2026-06-25T17:47:46.866634] [OK] suite:rutina@dark
[2026-06-25T17:47:46.866634] Analyzing suite:rutina-add-task@dark...
[2026-06-25T17:47:47.716679] [OK] suite:rutina-add-task@dark
[2026-06-25T17:47:47.716679] Analyzing suite:rutina-all-completed@dark...
[2026-06-25T17:47:48.365241] [OK] suite:rutina-all-completed@dark
[2026-06-25T17:47:48.365241] Analyzing suite:rutina-empty@dark...
[2026-06-25T17:47:48.678273] [OK] suite:rutina-empty@dark
[2026-06-25T17:47:48.678273] Analyzing suite:actividades@dark...
[2026-06-25T17:47:50.291964] [OK] suite:actividades@dark
[2026-06-25T17:47:50.291964] Analyzing suite:actividades-filtered@dark...
[2026-06-25T17:47:51.504346] [OK] suite:actividades-filtered@dark
[2026-06-25T17:47:51.504346] Analyzing suite:actividades-marked-hice@dark...
[2026-06-25T17:47:53.048941] [OK] suite:actividades-marked-hice@dark
[2026-06-25T17:47:53.048941] Analyzing suite:actividades-empty@dark...
[2026-06-25T17:47:53.359469] [OK] suite:actividades-empty@dark
[2026-06-25T17:47:53.359469] Analyzing suite:avisos@dark...
[2026-06-25T17:47:54.449835] [OK] suite:avisos@dark
[2026-06-25T17:47:54.449835] Analyzing suite:avisos-filter-activos@dark...
[2026-06-25T17:47:55.243989] [OK] suite:avisos-filter-activos@dark
[2026-06-25T17:47:55.243989] Analyzing suite:avisos-today@dark...
[2026-06-25T17:47:56.142147] [OK] suite:avisos-today@dark
[2026-06-25T17:47:56.142147] Analyzing suite:avisos-search@dark...
[2026-06-25T17:47:56.592255] [OK] suite:avisos-search@dark
[2026-06-25T17:47:56.592255] Analyzing suite:avisos-empty@dark...
[2026-06-25T17:47:57.031449] [OK] suite:avisos-empty@dark
[2026-06-25T17:47:57.031449] Analyzing suite:dbt-now@dark...
[2026-06-25T17:47:57.942516] [OK] suite:dbt-now@dark
[2026-06-25T17:47:57.942516] Analyzing suite:dbt-library@dark...
[2026-06-25T17:47:59.904616] [OK] suite:dbt-library@dark
[2026-06-25T17:47:59.904616] Analyzing suite:registro@dark...
[2026-06-25T17:48:00.569133] [OK] suite:registro@dark
[2026-06-25T17:48:00.569133] Analyzing suite:registro-step1-emotion@dark...
[2026-06-25T17:48:01.503304] [OK] suite:registro-step1-emotion@dark
[2026-06-25T17:48:01.503304] Analyzing suite:registro-step1-emotion-otro@dark...
[2026-06-25T17:48:02.496725] [OK] suite:registro-step1-emotion-otro@dark
[2026-06-25T17:48:02.496725] Analyzing suite:registro-step2-distortions@dark...
[2026-06-25T17:48:03.272406] [OK] suite:registro-step2-distortions@dark
[2026-06-25T17:48:03.272406] Analyzing suite:registro-step3-filled@dark...
[2026-06-25T17:48:03.955393] [OK] suite:registro-step3-filled@dark
[2026-06-25T17:48:03.955393] Analyzing suite:registro-success@dark...
[2026-06-25T17:48:04.539708] [OK] suite:registro-success@dark
[2026-06-25T17:48:04.539708] Analyzing suite:onboarding@dark...
[2026-06-25T17:48:05.137026] [OK] suite:onboarding@dark
[2026-06-25T17:48:05.137026] Analyzing suite:onboarding-error@dark...
[2026-06-25T17:48:05.784756] [OK] suite:onboarding-error@dark
[2026-06-25T17:48:05.784756] Analyzing suite:recuperar-acceso@dark...
[2026-06-25T17:48:06.459573] [OK] suite:recuperar-acceso@dark
[2026-06-25T17:48:06.459573] Analyzing hub:pacientes@dark...
[2026-06-25T17:48:08.095959] [OK] hub:pacientes@dark
[2026-06-25T17:48:08.095959] Analyzing hub:pacientes-empty@dark...
[2026-06-25T17:48:08.545731] [OK] hub:pacientes-empty@dark
[2026-06-25T17:48:08.545731] Analyzing hub:detalle@dark...
[2026-06-25T17:48:09.990001] [OK] hub:detalle@dark
[2026-06-25T17:48:09.990001] Analyzing hub:textos-globales@dark...
[2026-06-25T17:48:11.100250] [OK] hub:textos-globales@dark
[2026-06-25T17:48:11.100250] Analyzing hub:detalle-plan-timer@light...
[2026-06-25T17:48:13.051239] [OK] hub:detalle-plan-timer@light
[2026-06-25T17:48:13.051239] Analyzing hub:detalle-plan-rutina@light...
[2026-06-25T17:48:14.689087] [OK] hub:detalle-plan-rutina@light
[2026-06-25T17:48:14.689087] Analyzing hub:detalle-plan-activacion@light...
[2026-06-25T17:48:17.267849] [OK] hub:detalle-plan-activacion@light
[2026-06-25T17:48:17.267849] Analyzing hub:detalle-resumen-ia@light...
[2026-06-25T17:48:17.269848] [OK] hub:detalle-resumen-ia@light
[2026-06-25T17:48:17.269848] Analyzing suite:dbt-practice-stop@light...
[2026-06-25T17:48:17.534854] [OK] suite:dbt-practice-stop@light
[2026-06-25T17:48:17.534854] Analyzing hub:detalle-plan-timer@dark...
[2026-06-25T17:48:19.377298] [OK] hub:detalle-plan-timer@dark
[2026-06-25T17:48:19.377298] Analyzing hub:detalle-plan-rutina@dark...
[2026-06-25T17:48:20.803150] [OK] hub:detalle-plan-rutina@dark
[2026-06-25T17:48:20.803150] Analyzing hub:detalle-plan-activacion@dark...
[2026-06-25T17:48:22.673396] [OK] hub:detalle-plan-activacion@dark
[2026-06-25T17:48:22.673396] Analyzing hub:detalle-resumen-ia@dark...
[2026-06-25T17:48:22.676397] [OK] hub:detalle-resumen-ia@dark
[2026-06-25T17:48:22.676397] Analyzing suite:dbt-practice-stop@dark...
[2026-06-25T17:48:23.401378] [OK] suite:dbt-practice-stop@dark
[2026-06-25T17:48:23.401378] === analyze finished (86/86 completed) ===
[2026-06-25T17:53:38.631479] === analyze started (quiet=True, resume=True) ===
[2026-06-25T17:53:38.631479] Analyzing suite:home@light...
[2026-06-25T17:53:40.937404] [OK] suite:home@light
[2026-06-25T17:53:40.937404] Analyzing suite:home-no-score@light...
[2026-06-25T17:53:42.805239] [OK] suite:home-no-score@light
[2026-06-25T17:53:42.805239] Analyzing suite:animo@light...
[2026-06-25T17:53:44.186196] [OK] suite:animo@light
[2026-06-25T17:53:44.186196] Analyzing suite:respiracion@light...
[2026-06-25T17:53:44.947523] [OK] suite:respiracion@light
[2026-06-25T17:53:44.947523] Analyzing suite:respiracion-running@light...
[2026-06-25T17:53:45.703662] [OK] suite:respiracion-running@light
[2026-06-25T17:53:45.703662] Analyzing suite:respiracion-paused@light...
[2026-06-25T17:53:46.486869] [OK] suite:respiracion-paused@light
[2026-06-25T17:53:46.486869] Analyzing suite:timer@light...
[2026-06-25T17:53:47.184330] [OK] suite:timer@light
[2026-06-25T17:53:47.184330] Analyzing suite:timer-running@light...
[2026-06-25T17:53:47.913189] [OK] suite:timer-running@light
[2026-06-25T17:53:47.914189] Analyzing suite:timer-paused@light...
[2026-06-25T17:53:48.606629] [OK] suite:timer-paused@light
[2026-06-25T17:53:48.606629] Analyzing suite:timer-empty@light...
[2026-06-25T17:53:49.477244] [OK] suite:timer-empty@light
[2026-06-25T17:53:49.477244] Analyzing suite:rutina@light...
[2026-06-25T17:53:50.313520] [OK] suite:rutina@light
[2026-06-25T17:53:50.313520] Analyzing suite:rutina-add-task@light...
[2026-06-25T17:53:51.201659] [OK] suite:rutina-add-task@light
[2026-06-25T17:53:51.201659] Analyzing suite:rutina-all-completed@light...
[2026-06-25T17:53:51.874508] [OK] suite:rutina-all-completed@light
[2026-06-25T17:53:51.874508] Analyzing suite:rutina-empty@light...
[2026-06-25T17:53:52.251706] [OK] suite:rutina-empty@light
[2026-06-25T17:53:52.251706] Analyzing suite:actividades@light...
[2026-06-25T17:53:54.994790] [OK] suite:actividades@light
[2026-06-25T17:53:54.994790] Analyzing suite:actividades-filtered@light...
[2026-06-25T17:53:56.098627] [OK] suite:actividades-filtered@light
[2026-06-25T17:53:56.098627] Analyzing suite:actividades-marked-hice@light...
[2026-06-25T17:53:58.835458] [OK] suite:actividades-marked-hice@light
[2026-06-25T17:53:58.835458] Analyzing suite:actividades-empty@light...
[2026-06-25T17:53:59.194458] [OK] suite:actividades-empty@light
[2026-06-25T17:53:59.194458] Analyzing suite:avisos@light...
[2026-06-25T17:54:00.305489] [OK] suite:avisos@light
[2026-06-25T17:54:00.305489] Analyzing suite:avisos-filter-activos@light...
[2026-06-25T17:54:01.308651] [OK] suite:avisos-filter-activos@light
[2026-06-25T17:54:01.308651] Analyzing suite:avisos-today@light...
[2026-06-25T17:54:02.382371] [OK] suite:avisos-today@light
[2026-06-25T17:54:02.382371] Analyzing suite:avisos-search@light...
[2026-06-25T17:54:02.909026] [OK] suite:avisos-search@light
[2026-06-25T17:54:02.909026] Analyzing suite:avisos-empty@light...
[2026-06-25T17:54:03.410331] [OK] suite:avisos-empty@light
[2026-06-25T17:54:03.410331] Analyzing suite:dbt-now@light...
[2026-06-25T17:54:04.430397] [OK] suite:dbt-now@light
[2026-06-25T17:54:04.430397] Analyzing suite:dbt-library@light...
[2026-06-25T17:54:06.242813] [OK] suite:dbt-library@light
[2026-06-25T17:54:06.242813] Analyzing suite:registro@light...
[2026-06-25T17:54:06.949275] [OK] suite:registro@light
[2026-06-25T17:54:06.949275] Analyzing suite:registro-step1-emotion@light...
[2026-06-25T17:54:07.807330] [OK] suite:registro-step1-emotion@light
[2026-06-25T17:54:07.807330] Analyzing suite:registro-step1-emotion-otro@light...
[2026-06-25T17:54:08.779252] [OK] suite:registro-step1-emotion-otro@light
[2026-06-25T17:54:08.779252] Analyzing suite:registro-step2-distortions@light...
[2026-06-25T17:54:10.612264] [OK] suite:registro-step2-distortions@light
[2026-06-25T17:54:10.612264] Analyzing suite:registro-step3-filled@light...
[2026-06-25T17:54:11.348387] [OK] suite:registro-step3-filled@light
[2026-06-25T17:54:11.348387] Analyzing suite:registro-success@light...
[2026-06-25T17:54:11.933660] [OK] suite:registro-success@light
[2026-06-25T17:54:11.933660] Analyzing suite:onboarding@light...
[2026-06-25T17:54:12.700151] [OK] suite:onboarding@light
[2026-06-25T17:54:12.700151] Analyzing suite:onboarding-error@light...
[2026-06-25T17:54:13.860657] [OK] suite:onboarding-error@light
[2026-06-25T17:54:13.860657] Analyzing suite:recuperar-acceso@light...
[2026-06-25T17:54:15.025247] [OK] suite:recuperar-acceso@light
[2026-06-25T17:54:15.025247] Analyzing hub:pacientes@light...
[2026-06-25T17:54:16.879871] [OK] hub:pacientes@light
[2026-06-25T17:54:16.879871] Analyzing hub:pacientes-empty@light...
[2026-06-25T17:54:17.659253] [OK] hub:pacientes-empty@light
[2026-06-25T17:54:17.659253] Analyzing hub:detalle@light...
[2026-06-25T17:54:19.440321] [OK] hub:detalle@light
[2026-06-25T17:54:19.440321] Analyzing hub:textos-globales@light...
[2026-06-25T17:54:21.280497] [OK] hub:textos-globales@light
[2026-06-25T17:54:21.280497] Analyzing suite:home@dark...
[2026-06-25T17:54:23.287377] [OK] suite:home@dark
[2026-06-25T17:54:23.287377] Analyzing suite:home-no-score@dark...
[2026-06-25T17:54:24.722717] [OK] suite:home-no-score@dark
[2026-06-25T17:54:24.722717] Analyzing suite:animo@dark...
[2026-06-25T17:54:25.855532] [OK] suite:animo@dark
[2026-06-25T17:54:25.855532] Analyzing suite:respiracion@dark...
[2026-06-25T17:54:26.699628] [OK] suite:respiracion@dark
[2026-06-25T17:54:26.699628] Analyzing suite:respiracion-running@dark...
[2026-06-25T17:54:27.858312] [OK] suite:respiracion-running@dark
[2026-06-25T17:54:27.858312] Analyzing suite:respiracion-paused@dark...
[2026-06-25T17:54:28.720518] [OK] suite:respiracion-paused@dark
[2026-06-25T17:54:28.720518] Analyzing suite:timer@dark...
[2026-06-25T17:54:29.433604] [OK] suite:timer@dark
[2026-06-25T17:54:29.433604] Analyzing suite:timer-running@dark...
[2026-06-25T17:54:30.145133] [OK] suite:timer-running@dark
[2026-06-25T17:54:30.145133] Analyzing suite:timer-paused@dark...
[2026-06-25T17:54:30.832631] [OK] suite:timer-paused@dark
[2026-06-25T17:54:30.832631] Analyzing suite:timer-empty@dark...
[2026-06-25T17:54:31.168645] [OK] suite:timer-empty@dark
[2026-06-25T17:54:31.168645] Analyzing suite:rutina@dark...
[2026-06-25T17:54:31.937423] [OK] suite:rutina@dark
[2026-06-25T17:54:31.937423] Analyzing suite:rutina-add-task@dark...
[2026-06-25T17:54:32.787117] [OK] suite:rutina-add-task@dark
[2026-06-25T17:54:32.787117] Analyzing suite:rutina-all-completed@dark...
[2026-06-25T17:54:33.434074] [OK] suite:rutina-all-completed@dark
[2026-06-25T17:54:33.434074] Analyzing suite:rutina-empty@dark...
[2026-06-25T17:54:33.745485] [OK] suite:rutina-empty@dark
[2026-06-25T17:54:33.745485] Analyzing suite:actividades@dark...
[2026-06-25T17:54:35.356343] [OK] suite:actividades@dark
[2026-06-25T17:54:35.356343] Analyzing suite:actividades-filtered@dark...
[2026-06-25T17:54:36.578884] [OK] suite:actividades-filtered@dark
[2026-06-25T17:54:36.578884] Analyzing suite:actividades-marked-hice@dark...
[2026-06-25T17:54:38.132603] [OK] suite:actividades-marked-hice@dark
[2026-06-25T17:54:38.132603] Analyzing suite:actividades-empty@dark...
[2026-06-25T17:54:38.442646] [OK] suite:actividades-empty@dark
[2026-06-25T17:54:38.442646] Analyzing suite:avisos@dark...
[2026-06-25T17:54:39.537840] [OK] suite:avisos@dark
[2026-06-25T17:54:39.537840] Analyzing suite:avisos-filter-activos@dark...
[2026-06-25T17:54:40.334430] [OK] suite:avisos-filter-activos@dark
[2026-06-25T17:54:40.334430] Analyzing suite:avisos-today@dark...
[2026-06-25T17:54:41.237699] [OK] suite:avisos-today@dark
[2026-06-25T17:54:41.237699] Analyzing suite:avisos-search@dark...
[2026-06-25T17:54:41.686418] [OK] suite:avisos-search@dark
[2026-06-25T17:54:41.686418] Analyzing suite:avisos-empty@dark...
[2026-06-25T17:54:42.119596] [OK] suite:avisos-empty@dark
[2026-06-25T17:54:42.119596] Analyzing suite:dbt-now@dark...
[2026-06-25T17:54:43.026807] [OK] suite:dbt-now@dark
[2026-06-25T17:54:43.026807] Analyzing suite:dbt-library@dark...
[2026-06-25T17:54:44.954600] [OK] suite:dbt-library@dark
[2026-06-25T17:54:44.954600] Analyzing suite:registro@dark...
[2026-06-25T17:54:45.617833] [OK] suite:registro@dark
[2026-06-25T17:54:45.617833] Analyzing suite:registro-step1-emotion@dark...
[2026-06-25T17:54:46.463993] [OK] suite:registro-step1-emotion@dark
[2026-06-25T17:54:46.463993] Analyzing suite:registro-step1-emotion-otro@dark...
[2026-06-25T17:54:47.455505] [OK] suite:registro-step1-emotion-otro@dark
[2026-06-25T17:54:47.455505] Analyzing suite:registro-step2-distortions@dark...
[2026-06-25T17:54:48.232357] [OK] suite:registro-step2-distortions@dark
[2026-06-25T17:54:48.232357] Analyzing suite:registro-step3-filled@dark...
[2026-06-25T17:54:48.916557] [OK] suite:registro-step3-filled@dark
[2026-06-25T17:54:48.916557] Analyzing suite:registro-success@dark...
[2026-06-25T17:54:49.504922] [OK] suite:registro-success@dark
[2026-06-25T17:54:49.504922] Analyzing suite:onboarding@dark...
[2026-06-25T17:54:50.108408] [OK] suite:onboarding@dark
[2026-06-25T17:54:50.108408] Analyzing suite:onboarding-error@dark...
[2026-06-25T17:54:50.757137] [OK] suite:onboarding-error@dark
[2026-06-25T17:54:50.757137] Analyzing suite:recuperar-acceso@dark...
[2026-06-25T17:54:51.428865] [OK] suite:recuperar-acceso@dark
[2026-06-25T17:54:51.428865] Analyzing hub:pacientes@dark...
[2026-06-25T17:54:53.039769] [OK] hub:pacientes@dark
[2026-06-25T17:54:53.039769] Analyzing hub:pacientes-empty@dark...
[2026-06-25T17:54:53.493086] [OK] hub:pacientes-empty@dark
[2026-06-25T17:54:53.493086] Analyzing hub:detalle@dark...
[2026-06-25T17:54:54.945748] [OK] hub:detalle@dark
[2026-06-25T17:54:54.945748] Analyzing hub:textos-globales@dark...
[2026-06-25T17:54:56.066776] [OK] hub:textos-globales@dark
[2026-06-25T17:54:56.066776] Analyzing hub:detalle-plan-timer@light...
[2026-06-25T17:54:58.021381] [OK] hub:detalle-plan-timer@light
[2026-06-25T17:54:58.021381] Analyzing hub:detalle-plan-rutina@light...
[2026-06-25T17:54:59.661623] [OK] hub:detalle-plan-rutina@light
[2026-06-25T17:54:59.661623] Analyzing hub:detalle-plan-activacion@light...
[2026-06-25T17:55:02.260310] [OK] hub:detalle-plan-activacion@light
[2026-06-25T17:55:02.260310] Analyzing hub:detalle-resumen-ia@light...
[2026-06-25T17:55:02.262309] [OK] hub:detalle-resumen-ia@light
[2026-06-25T17:55:02.262309] Analyzing suite:dbt-practice-stop@light...
[2026-06-25T17:55:02.530668] [OK] suite:dbt-practice-stop@light
[2026-06-25T17:55:02.530668] Analyzing hub:detalle-plan-timer@dark...
[2026-06-25T17:55:04.215377] [OK] hub:detalle-plan-timer@dark
[2026-06-25T17:55:04.215377] Analyzing hub:detalle-plan-rutina@dark...
[2026-06-25T17:55:05.648299] [OK] hub:detalle-plan-rutina@dark
[2026-06-25T17:55:05.648299] Analyzing hub:detalle-plan-activacion@dark...
[2026-06-25T17:55:07.528809] [OK] hub:detalle-plan-activacion@dark
[2026-06-25T17:55:07.528809] Analyzing hub:detalle-resumen-ia@dark...
[2026-06-25T17:55:07.531809] [OK] hub:detalle-resumen-ia@dark
[2026-06-25T17:55:07.531809] Analyzing suite:dbt-practice-stop@dark...
[2026-06-25T17:55:08.253428] [OK] suite:dbt-practice-stop@dark
[2026-06-25T17:55:08.253428] === analyze finished (86/86 completed) ===
