NeuroMood V3 build log
C:\Users\nosom\AppData\Local\Programs\Python\Python312\python.exe -m PyInstaller --noconfirm --onedir --windowed --optimize 2 --icon C:\Users\nosom\Desktop\Neuromood V3\assets\installer_icon.ico --distpath C:\Users\nosom\Desktop\Neuromood V3\dist --workpath C:\Users\nosom\Desktop\Neuromood V3\build --paths C:\Users\nosom\Desktop\Neuromood V3 --log-level WARN --name Instalador Suite --add-data C:\Users\nosom\Desktop\Neuromood V3\assets;assets --add-data C:\Users\nosom\Desktop\Neuromood V3\assets\LOGO.png;. --add-data C:\Users\nosom\Desktop\Neuromood V3\assets\logos-dark.png;. --add-data C:\Users\nosom\Desktop\Neuromood V3\assets\logos-light.png;. --add-data C:\Users\nosom\Desktop\Neuromood V3\assets\logos-icon-dark.png;. --add-data C:\Users\nosom\Desktop\Neuromood V3\assets\logos-icon-light.png;. --add-data C:\Users\nosom\Desktop\Neuromood V3\assets\logo-dark.png;. --add-data C:\Users\nosom\Desktop\Neuromood V3\assets\logo-light.png;. --add-data C:\Users\nosom\Desktop\Neuromood V3\assets\logo-icon-dark.png;. --add-data C:\Users\nosom\Desktop\Neuromood V3\assets\logo-icon-light.png;. --add-data C:\Users\nosom\Desktop\Neuromood V3\shared;shared --add-data C:\Users\nosom\Desktop\Neuromood V3\assets\installer_icon.ico;. --add-data C:\Users\nosom\Desktop\Neuromood V3\assets\NM_icon.ico;. --add-data C:\Users\nosom\Desktop\Neuromood V3\assets\no_symbol.ico;. --add-data C:\Users\nosom\Desktop\Neuromood V3\assets\fonts;assets/fonts --add-data C:\Users\nosom\Desktop\Neuromood V3\.env;. --hidden-import PIL --hidden-import httpx --hidden-import pywintypes --hidden-import qtawesome --hidden-import shared --hidden-import shared.components_qt --hidden-import shared.config --hidden-import shared.icons_svg --hidden-import shared.identidad --hidden-import shared.installer_common --hidden-import shared.theme --hidden-import shared.theme_qt --hidden-import shared.utils --hidden-import sqlite3 --hidden-import supabase --hidden-import win32com --hidden-import win32com.client C:\Users\nosom\Desktop\Neuromood V3\installers\installer.py

154 INFO: PyInstaller: 6.19.0, contrib hooks: 2026.4
154 INFO: Python: 3.12.10
176 INFO: Platform: Windows-10-10.0.19045-SP0
176 INFO: Python environment: C:\Users\nosom\AppData\Local\Programs\Python\Python312
213 INFO: wrote C:\Users\nosom\Desktop\Neuromood V3\Instalador Suite.spec
pygame 2.6.1 (SDL 2.28.4, Python 3.12.10)
Hello from the pygame community. https://www.pygame.org/contribute.html
61842 WARNING: Hidden import "pycparser.lextab" not found!
61842 WARNING: Hidden import "pycparser.yacctab" not found!
62188 WARNING: Hidden import "tzdata" not found!
C:\Users\nosom\AppData\Local\Programs\Python\Python312\python.exe -m PyInstaller --noconfirm --onedir --windowed --optimize 2 --icon C:\Users\nosom\Desktop\Neuromood V3\assets\installer_icon.ico --distpath C:\Users\nosom\Desktop\Neuromood V3\dist --workpath C:\Users\nosom\Desktop\Neuromood V3\build --paths C:\Users\nosom\Desktop\Neuromood V3 --log-level WARN --name Instalador Hub --add-data C:\Users\nosom\Desktop\Neuromood V3\assets;assets --add-data C:\Users\nosom\Desktop\Neuromood V3\assets\LOGO.png;. --add-data C:\Users\nosom\Desktop\Neuromood V3\assets\logos-dark.png;. --add-data C:\Users\nosom\Desktop\Neuromood V3\assets\logos-light.png;. --add-data C:\Users\nosom\Desktop\Neuromood V3\assets\logos-icon-dark.png;. --add-data C:\Users\nosom\Desktop\Neuromood V3\assets\logos-icon-light.png;. --add-data C:\Users\nosom\Desktop\Neuromood V3\assets\logo-dark.png;. --add-data C:\Users\nosom\Desktop\Neuromood V3\assets\logo-light.png;. --add-data C:\Users\nosom\Desktop\Neuromood V3\assets\logo-icon-dark.png;. --add-data C:\Users\nosom\Desktop\Neuromood V3\assets\logo-icon-light.png;. --add-data C:\Users\nosom\Desktop\Neuromood V3\shared;shared --add-data C:\Users\nosom\Desktop\Neuromood V3\assets\installer_icon.ico;. --add-data C:\Users\nosom\Desktop\Neuromood V3\assets\NM_icon.ico;. --add-data C:\Users\nosom\Desktop\Neuromood V3\assets\no_symbol.ico;. --add-data C:\Users\nosom\Desktop\Neuromood V3\assets\fonts;assets/fonts --add-data C:\Users\nosom\Desktop\Neuromood V3\.env;. --hidden-import PIL --hidden-import pywintypes --hidden-import qtawesome --hidden-import shared --hidden-import shared.components_qt --hidden-import shared.icons_svg --hidden-import shared.identidad --hidden-import shared.installer_common --hidden-import shared.theme --hidden-import shared.theme_qt --hidden-import shared.utils --hidden-import win32com --hidden-import win32com.client C:\Users\nosom\Desktop\Neuromood V3\installers\installer_pro.py

123 INFO: PyInstaller: 6.19.0, contrib hooks: 2026.4
123 INFO: Python: 3.12.10
142 INFO: Platform: Windows-10-10.0.19045-SP0
142 INFO: Python environment: C:\Users\nosom\AppData\Local\Programs\Python\Python312
143 INFO: wrote C:\Users\nosom\Desktop\Neuromood V3\Instalador Hub.spec
pygame 2.6.1 (SDL 2.28.4, Python 3.12.10)
Hello from the pygame community. https://www.pygame.org/contribute.html
