============================================================
ANTI-FRAUD STATIC SCAN (runtime/product)
Roots: app, hub, shared
Result: CLEAN - no canonical/reference/mockup artifact usage found.
============================================================
[QA] Using isolated database: C:\Users\nosom\AppData\Local\Temp\nm_qa_db_q8tyk75p\test_nm_data.db
[ERROR] Vista 'detalle-resumen-ia-0' no encontrada en hub. Usa --list.
============================================================
LAYERED VISUAL COMPARE
Authority:             LAYERED_VISUAL_COMPARE
Canonical source:      qa\_mockup_canonical
Actual source:         qa\_captures_v8
Report scope:          PARTIAL
Report filters:        {'app': None, 'view': None, 'theme': None, 'key': 'hub:detalle-resumen-ia-0@dark', 'keys_file': None, 'keys_file_keys': []}
Report evidence valid: YES
Handoff closure:      NO
Closure reason:       partial_scope; real_divergence_present
Source policy:         Use qa/_mockup_canonical plus a fresh complete qa/_captures_v8 run for operational handoff decisions. Zip inputs are archive/forensics only and must not close VISUAL_REPAIR_HANDOFF.md items.
Total:                 1
Pass:                  0
Review/divergence:     1
QA missed raw/layout:  1
State/recipe suspects: 1
Report:                C:\Users\nosom\Desktop\nm_suite\reports\qa\handoff_false_pass_audit\20260630_113720\hub_detalle-resumen-ia-0_dark\layered\LAYERED_VISUAL_REPORT.md
============================================================
